<?xml version="1.0" encoding="UTF-8"?>
<!-- Generated by org.testng.reporters.JUnitReportReporter -->
<testsuite skipped="0" hostname="DESKTOP-90C26VK" name="Tests.TestNg_Demo" tests="2" failures="0" timestamp="20 Dec 2018 10:48:38 GMT" time="5.159" errors="0">
  <testcase name="Select_facilitymethod" time="2.910" classname="Tests.TestNg_Demo"/>
  <testcase name="Login_Testcasemethod" time="2.249" classname="Tests.TestNg_Demo"/>
</testsuite> <!-- Tests.TestNg_Demo -->
