<?xml version="1.0" encoding="UTF-8"?>
<!-- Generated by org.testng.reporters.JUnitReportReporter -->
<testsuite skipped="0" hostname="DESKTOP-90C26VK" name="Tests.selectfacility_TNG" tests="2" failures="0" timestamp="02 Jan 2019 11:09:50 GMT" time="4.834" errors="0">
  <testcase name="Login_Testcasemethod" time="2.156" classname="Tests.selectfacility_TNG"/>
  <testcase name="Select_facilitymethod" time="2.678" classname="Tests.selectfacility_TNG"/>
</testsuite> <!-- Tests.selectfacility_TNG -->
