<?xml version="1.0" encoding="UTF-8"?>
<!-- Generated by org.testng.reporters.JUnitReportReporter -->
<testsuite skipped="0" hostname="DESKTOP-90C26VK" name="com.automation.testcases.Tc91_ads" tests="1" failures="0" timestamp="29 Nov 2019 11:37:22 GMT" time="0.033" errors="0">
  <testcase name="ads" time="0.033" classname="com.automation.testcases.Tc91_ads"/>
</testsuite> <!-- com.automation.testcases.Tc91_ads -->
