<?xml version="1.0" encoding="UTF-8"?>
<!-- Generated by org.testng.reporters.JUnitReportReporter -->
<testsuite skipped="0" hostname="DESKTOP-90C26VK" name="com.automation.testcases.dummy" tests="1" failures="0" timestamp="30 Dec 2019 11:02:10 GMT" time="0.004" errors="0">
  <testcase name="dummy1" time="0.004" classname="com.automation.testcases.dummy"/>
</testsuite> <!-- com.automation.testcases.dummy -->
