<?xml version="1.0" encoding="UTF-8"?>
<!-- Generated by org.testng.reporters.JUnitReportReporter -->
<testsuite skipped="0" hostname="DESKTOP-90C26VK" name="com.automation.testcases.Tc2_selectfacility" tests="1" failures="0" timestamp="18 Feb 2020 07:24:41 GMT" time="0.016" errors="0">
  <testcase name="fourthclass" time="0.016" classname="com.automation.testcases.Tc2_selectfacility"/>
</testsuite> <!-- com.automation.testcases.Tc2_selectfacility -->
